[2022-10-23T13:56:35.506] [DEBUG] cheese - login => username:admin,password:123456
[2022-10-23T13:56:35.514] [DEBUG] cheese - admin
[2022-10-23T13:56:35.525] [DEBUG] cheese - null
[2022-10-23T13:56:35.525] [DEBUG] cheese - null
[2022-10-23T17:20:24.920] [DEBUG] cheese - login => username:admin,password:123456
[2022-10-23T17:20:24.922] [DEBUG] cheese - admin
[2022-10-23T17:20:24.949] [DEBUG] cheese - null
[2022-10-23T17:20:24.949] [DEBUG] cheese - null
[2022-10-23T17:21:30.393] [DEBUG] cheese - login => username:admin,password:123456
[2022-10-23T17:21:30.393] [DEBUG] cheese - admin
[2022-10-23T17:21:30.396] [DEBUG] cheese - null
[2022-10-23T17:21:30.396] [DEBUG] cheese - null
[2022-10-23T17:22:40.915] [DEBUG] cheese - login => username:admin,password:123456
[2022-10-23T17:22:40.917] [DEBUG] cheese - admin
[2022-10-23T17:22:40.925] [DEBUG] cheese - null
[2022-10-23T17:22:40.925] [DEBUG] cheese - null
[2022-10-23T17:25:01.508] [DEBUG] cheese - login => username:admin,password:123456
[2022-10-23T17:25:01.508] [DEBUG] cheese - admin
[2022-10-23T17:25:01.514] [DEBUG] cheese - null
[2022-10-23T17:25:01.514] [DEBUG] cheese - null
[2022-10-23T17:31:42.260] [DEBUG] cheese - login => username:admin,password:123456
[2022-10-23T17:31:42.260] [DEBUG] cheese - admin
[2022-10-23T17:31:42.267] [DEBUG] cheese - null
[2022-10-23T17:31:42.268] [DEBUG] cheese - null
[2022-10-23T17:33:17.396] [DEBUG] cheese - login => username:adm,password:123456
[2022-10-23T17:33:17.396] [DEBUG] cheese - adm
[2022-10-23T17:33:17.398] [DEBUG] cheese - null
[2022-10-23T17:33:17.399] [DEBUG] cheese - null
[2022-10-23T17:33:46.720] [DEBUG] cheese - login => username:admin,password:123456
[2022-10-23T17:33:46.720] [DEBUG] cheese - admin
[2022-10-23T17:33:46.722] [DEBUG] cheese - null
[2022-10-23T17:33:46.722] [DEBUG] cheese - null
[2022-10-23T17:34:02.820] [DEBUG] cheese - login => username:admin111,password:123456
[2022-10-23T17:34:02.820] [DEBUG] cheese - admin111
[2022-10-23T17:34:02.822] [DEBUG] cheese - null
[2022-10-23T17:34:02.822] [DEBUG] cheese - null
[2022-10-23T17:40:46.225] [DEBUG] cheese - login => username:admin,password:123456
[2022-10-23T17:40:46.226] [DEBUG] cheese - admin
[2022-10-23T17:40:46.229] [DEBUG] cheese - null
[2022-10-23T17:40:46.229] [DEBUG] cheese - null
[2022-10-23T17:42:28.312] [DEBUG] cheese - login => username:admin,password:123456
[2022-10-23T17:42:28.313] [DEBUG] cheese - admin
[2022-10-23T17:42:28.317] [DEBUG] cheese - null
[2022-10-23T17:42:28.317] [DEBUG] cheese - null
[2022-10-23T17:45:43.069] [DEBUG] cheese - login => username:admin,password:123456
[2022-10-23T17:45:43.069] [DEBUG] cheese - admin
[2022-10-23T17:45:43.073] [DEBUG] cheese - null
[2022-10-23T17:45:43.073] [DEBUG] cheese - null
[2022-10-23T17:58:59.506] [DEBUG] cheese - login => username:admin,password:123456
[2022-10-23T17:58:59.507] [DEBUG] cheese - admin
[2022-10-23T17:58:59.512] [DEBUG] cheese - null
[2022-10-23T17:58:59.512] [DEBUG] cheese - null
[2022-10-23T18:14:29.851] [DEBUG] cheese - login => username:admin,password:123456
[2022-10-23T18:14:29.851] [DEBUG] cheese - admin
[2022-10-23T18:14:29.854] [DEBUG] cheese - null
[2022-10-23T18:14:29.854] [DEBUG] cheese - null
[2022-10-23T22:13:37.199] [DEBUG] cheese - login => username:admin,password:123456
[2022-10-23T22:13:37.201] [DEBUG] cheese - admin
[2022-10-23T22:13:37.227] [DEBUG] cheese - null
[2022-10-23T22:13:37.227] [DEBUG] cheese - null
[2022-10-23T22:15:23.069] [DEBUG] cheese - login => username:admin,password:123456
[2022-10-23T22:15:23.070] [DEBUG] cheese - admin
[2022-10-23T22:15:23.073] [DEBUG] cheese - null
[2022-10-23T22:15:23.073] [DEBUG] cheese - null
[2022-10-24T00:22:38.489] [DEBUG] cheese - login => username:admin,password:123456
[2022-10-24T00:22:38.491] [DEBUG] cheese - admin
[2022-10-24T00:22:38.530] [DEBUG] cheese - null
[2022-10-24T00:22:38.531] [DEBUG] cheese - null
[2022-10-24T01:19:01.701] [DEBUG] cheese - login => username:admin,password:123456
[2022-10-24T01:19:01.703] [DEBUG] cheese - admin
[2022-10-24T01:19:01.715] [DEBUG] cheese - null
[2022-10-24T01:19:01.716] [DEBUG] cheese - null
[2022-10-24T01:55:51.054] [DEBUG] cheese - login => username:admin,password:123456
[2022-10-24T01:55:51.056] [DEBUG] cheese - admin
[2022-10-24T01:55:51.064] [DEBUG] cheese - null
[2022-10-24T01:55:51.064] [DEBUG] cheese - null
[2022-10-24T01:57:06.214] [DEBUG] cheese - login => username:admin,password:123456
[2022-10-24T01:57:06.214] [DEBUG] cheese - admin
[2022-10-24T01:57:06.227] [DEBUG] cheese - null
[2022-10-24T01:57:06.227] [DEBUG] cheese - null
[2022-10-24T09:03:39.065] [DEBUG] cheese - login => username:admin,password:123456
[2022-10-24T09:03:39.067] [DEBUG] cheese - admin
[2022-10-24T09:03:39.095] [DEBUG] cheese - null
[2022-10-24T09:03:39.095] [DEBUG] cheese - null
[2022-10-24T10:49:19.218] [DEBUG] cheese - login => username:admin,password:123456
[2022-10-24T10:49:19.222] [DEBUG] cheese - admin
[2022-10-24T10:49:19.255] [DEBUG] cheese - null
[2022-10-24T10:49:19.255] [DEBUG] cheese - null
[2022-10-24T11:40:07.038] [DEBUG] cheese - login => username:admin,password:123456
[2022-10-24T11:40:07.041] [DEBUG] cheese - admin
[2022-10-24T11:40:07.050] [DEBUG] cheese - null
[2022-10-24T11:40:07.051] [DEBUG] cheese - null
[2022-10-24T11:42:22.078] [DEBUG] cheese - login => username:admin,password:123456
[2022-10-24T11:42:22.082] [DEBUG] cheese - admin
[2022-10-24T11:42:22.084] [DEBUG] cheese - null
[2022-10-24T11:42:22.086] [DEBUG] cheese - null
[2022-10-24T13:24:59.131] [DEBUG] cheese - login => username:admin,password:123456
[2022-10-24T13:24:59.134] [DEBUG] cheese - admin
[2022-10-24T13:24:59.162] [DEBUG] cheese - null
[2022-10-24T13:24:59.162] [DEBUG] cheese - null
[2022-10-24T13:54:00.470] [DEBUG] cheese - login => username:admin,password:123456
[2022-10-24T13:54:00.472] [DEBUG] cheese - admin
[2022-10-24T13:54:00.478] [DEBUG] cheese - null
[2022-10-24T13:54:00.479] [DEBUG] cheese - null
[2022-10-24T18:38:40.726] [DEBUG] cheese - login => username:admin,password:123456
[2022-10-24T18:38:40.728] [DEBUG] cheese - admin
[2022-10-24T18:38:40.760] [DEBUG] cheese - null
[2022-10-24T18:38:40.761] [DEBUG] cheese - null
[2022-10-24T21:07:19.803] [DEBUG] cheese - login => username:admin,password:123456
[2022-10-24T21:07:19.805] [DEBUG] cheese - admin
[2022-10-24T21:07:19.830] [DEBUG] cheese - null
[2022-10-24T21:07:19.831] [DEBUG] cheese - null
[2022-10-24T21:07:38.861] [DEBUG] cheese - login => username:admin,password:123456
[2022-10-24T21:07:38.861] [DEBUG] cheese - admin
[2022-10-24T21:07:38.864] [DEBUG] cheese - null
[2022-10-24T21:07:38.864] [DEBUG] cheese - null
[2022-10-24T21:34:30.884] [DEBUG] cheese - login => username:admin,password:123456
[2022-10-24T21:34:30.887] [DEBUG] cheese - admin
[2022-10-24T21:34:30.895] [DEBUG] cheese - null
[2022-10-24T21:34:30.895] [DEBUG] cheese - null
[2022-10-24T21:39:28.181] [DEBUG] cheese - login => username:admin,password:123456
[2022-10-24T21:39:28.183] [DEBUG] cheese - admin
[2022-10-24T21:39:28.190] [DEBUG] cheese - null
[2022-10-24T21:39:28.191] [DEBUG] cheese - null
[2022-10-24T21:39:39.737] [DEBUG] cheese - login => username:admin,password:123456
[2022-10-24T21:39:39.738] [DEBUG] cheese - admin
[2022-10-24T21:39:39.749] [DEBUG] cheese - null
[2022-10-24T21:39:39.749] [DEBUG] cheese - null
[2022-10-25T00:52:57.756] [DEBUG] cheese - login => username:admin,password:123456
[2022-10-25T00:52:57.758] [DEBUG] cheese - admin
[2022-10-25T00:52:57.786] [DEBUG] cheese - null
[2022-10-25T00:52:57.787] [DEBUG] cheese - null
[2022-10-25T08:34:58.792] [DEBUG] cheese - login => username:admin,password:123456
[2022-10-25T08:34:58.795] [DEBUG] cheese - admin
[2022-10-25T08:34:58.826] [DEBUG] cheese - null
[2022-10-25T08:34:58.826] [DEBUG] cheese - null
[2022-10-25T14:26:04.705] [DEBUG] cheese - login => username:admin,password:123456
[2022-10-25T14:26:04.708] [DEBUG] cheese - admin
[2022-10-25T14:26:04.739] [DEBUG] cheese - null
[2022-10-25T14:26:04.740] [DEBUG] cheese - null
[2022-10-25T15:13:07.220] [DEBUG] cheese - null
[2022-10-25T15:17:42.945] [DEBUG] cheese - null
[2022-10-25T15:17:44.880] [DEBUG] cheese - null
[2022-10-25T17:04:37.753] [DEBUG] cheese - null
[2022-10-25T18:02:51.360] [DEBUG] cheese - login => username:admin,password:123456
[2022-10-25T18:02:51.361] [DEBUG] cheese - admin
[2022-10-25T18:02:51.376] [DEBUG] cheese - null
[2022-10-25T18:02:51.377] [DEBUG] cheese - null
[2022-10-26T14:36:06.281] [DEBUG] cheese - login => username:admin,password:123456
[2022-10-26T14:36:06.283] [DEBUG] cheese - admin
[2022-10-26T14:36:06.326] [DEBUG] cheese - null
[2022-10-26T14:36:06.327] [DEBUG] cheese - null
[2022-10-26T15:33:45.149] [DEBUG] cheese - login => username:admin,password:123456
[2022-10-26T15:33:45.151] [DEBUG] cheese - admin
[2022-10-26T15:33:45.180] [DEBUG] cheese - null
[2022-10-26T15:33:45.181] [DEBUG] cheese - null
[2022-10-26T15:47:56.239] [DEBUG] cheese - login => username:admin,password:123456
[2022-10-26T15:47:56.240] [DEBUG] cheese - admin
[2022-10-26T15:47:56.243] [DEBUG] cheese - null
[2022-10-26T15:47:56.243] [DEBUG] cheese - null
[2022-10-26T15:48:27.109] [DEBUG] cheese - login => username:admin,password:123456
[2022-10-26T15:48:27.109] [DEBUG] cheese - admin
[2022-10-26T15:48:27.111] [DEBUG] cheese - null
[2022-10-26T15:48:27.112] [DEBUG] cheese - null
[2022-10-26T15:48:43.825] [DEBUG] cheese - login => username:admin,password:123456
[2022-10-26T15:48:43.825] [DEBUG] cheese - admin
[2022-10-26T15:48:43.828] [DEBUG] cheese - null
[2022-10-26T15:48:43.828] [DEBUG] cheese - null
[2022-10-26T15:49:07.885] [DEBUG] cheese - login => username:admin,password:123456
[2022-10-26T15:49:07.885] [DEBUG] cheese - admin
[2022-10-26T15:49:07.888] [DEBUG] cheese - null
[2022-10-26T15:49:07.888] [DEBUG] cheese - null
[2022-10-26T15:49:20.000] [DEBUG] cheese - login => username:admin,password:123456
[2022-10-26T15:49:20.001] [DEBUG] cheese - admin
[2022-10-26T15:49:20.005] [DEBUG] cheese - null
[2022-10-26T15:49:20.005] [DEBUG] cheese - null
[2022-10-26T15:49:34.542] [DEBUG] cheese - login => username:admin,password:123456
[2022-10-26T15:49:34.543] [DEBUG] cheese - admin
[2022-10-26T15:49:34.546] [DEBUG] cheese - null
[2022-10-26T15:49:34.547] [DEBUG] cheese - null
[2022-10-26T15:49:54.192] [DEBUG] cheese - login => username:admin,password:123456
[2022-10-26T15:49:54.192] [DEBUG] cheese - admin
[2022-10-26T15:49:54.240] [DEBUG] cheese - null
[2022-10-26T15:49:54.241] [DEBUG] cheese - null
[2022-10-26T15:50:24.237] [DEBUG] cheese - login => username:admin,password:123456
[2022-10-26T15:50:24.237] [DEBUG] cheese - admin
[2022-10-26T15:50:24.240] [DEBUG] cheese - null
[2022-10-26T15:50:24.241] [DEBUG] cheese - null
[2022-10-26T19:42:59.851] [DEBUG] cheese - login => username:admin,password:123456
[2022-10-26T19:42:59.854] [DEBUG] cheese - admin
[2022-10-26T19:42:59.890] [DEBUG] cheese - null
[2022-10-26T19:42:59.891] [DEBUG] cheese - null
[2022-10-27T14:18:49.026] [DEBUG] cheese - login => username:admin,password:123456
[2022-10-27T14:18:49.028] [DEBUG] cheese - admin
[2022-10-27T14:18:49.064] [DEBUG] cheese - null
[2022-10-27T14:18:49.064] [DEBUG] cheese - null
[2022-10-27T14:19:15.960] [DEBUG] cheese - login => username:admin,password:123456
[2022-10-27T14:19:15.960] [DEBUG] cheese - admin
[2022-10-27T14:19:15.963] [DEBUG] cheese - null
[2022-10-27T14:19:15.963] [DEBUG] cheese - null
[2022-10-27T14:19:34.741] [DEBUG] cheese - login => username:admin,password:123456
[2022-10-27T14:19:34.742] [DEBUG] cheese - admin
[2022-10-27T14:19:34.746] [DEBUG] cheese - null
[2022-10-27T14:19:34.746] [DEBUG] cheese - null
[2022-10-27T14:59:39.865] [DEBUG] cheese - login => username:admin,password:123456
[2022-10-27T14:59:39.867] [DEBUG] cheese - admin
[2022-10-27T14:59:39.881] [DEBUG] cheese - null
[2022-10-27T14:59:39.882] [DEBUG] cheese - null
[2022-10-27T16:26:41.789] [DEBUG] cheese - login => username:admin,password:123456
[2022-10-27T16:26:41.790] [DEBUG] cheese - admin
[2022-10-27T16:26:41.797] [DEBUG] cheese - null
[2022-10-27T16:26:41.798] [DEBUG] cheese - null
[2022-10-27T17:17:49.757] [DEBUG] cheese - login => username:admin,password:123456
[2022-10-27T17:17:49.758] [DEBUG] cheese - admin
[2022-10-27T17:17:49.761] [DEBUG] cheese - null
[2022-10-27T17:17:49.762] [DEBUG] cheese - null
[2022-10-27T17:18:00.467] [DEBUG] cheese - login => username:admin,password:123456
[2022-10-27T17:18:00.467] [DEBUG] cheese - admin
[2022-10-27T17:18:00.468] [DEBUG] cheese - null
[2022-10-27T17:18:00.469] [DEBUG] cheese - null
[2022-10-28T19:22:20.142] [DEBUG] cheese - login => username:admin,password:123456
[2022-10-28T19:22:20.150] [DEBUG] cheese - admin
[2022-10-28T19:22:20.208] [DEBUG] cheese - null
[2022-10-28T19:22:20.208] [DEBUG] cheese - null
[2022-10-28T19:23:05.592] [DEBUG] cheese - null
[2022-10-28T20:32:54.010] [DEBUG] cheese - login => username:admin,password:123456
[2022-10-28T20:32:54.015] [DEBUG] cheese - admin
[2022-10-28T20:32:54.022] [DEBUG] cheese - null
[2022-10-28T20:32:54.023] [DEBUG] cheese - null
[2022-10-29T12:54:02.689] [DEBUG] cheese - login => username:admin,password:123456
[2022-10-29T12:54:02.721] [DEBUG] cheese - admin
[2022-10-29T12:54:02.754] [DEBUG] cheese - null
[2022-10-29T12:54:02.755] [DEBUG] cheese - null
[2022-10-30T11:12:26.401] [DEBUG] cheese - login => username:admin,password:123456
[2022-10-30T11:12:26.405] [DEBUG] cheese - admin
[2022-10-30T11:12:26.440] [DEBUG] cheese - null
[2022-10-30T11:12:26.441] [DEBUG] cheese - null
[2022-10-30T11:16:25.380] [DEBUG] cheese - login => username:admin,password:123456
[2022-10-30T11:16:25.382] [DEBUG] cheese - admin
[2022-10-30T11:16:25.387] [DEBUG] cheese - null
[2022-10-30T11:16:25.387] [DEBUG] cheese - null
[2022-10-30T11:22:38.237] [DEBUG] cheese - login => username:admin,password:123456
[2022-10-30T11:22:38.241] [DEBUG] cheese - admin
[2022-10-30T11:22:38.261] [DEBUG] cheese - null
[2022-10-30T11:22:38.261] [DEBUG] cheese - null
[2022-10-30T11:27:07.151] [DEBUG] cheese - login => username:admin,password:123456
[2022-10-30T11:27:07.152] [DEBUG] cheese - admin
[2022-10-30T11:27:07.155] [DEBUG] cheese - null
[2022-10-30T11:27:07.156] [DEBUG] cheese - null
[2022-10-30T13:48:47.371] [DEBUG] cheese - login => username:admin,password:123456
[2022-10-30T13:48:47.373] [DEBUG] cheese - admin
[2022-10-30T13:48:47.388] [DEBUG] cheese - null
[2022-10-30T13:48:47.389] [DEBUG] cheese - null
[2022-10-30T15:20:09.369] [DEBUG] cheese - login => username:admin,password:123456
[2022-10-30T15:20:09.370] [DEBUG] cheese - admin
[2022-10-30T15:20:09.394] [DEBUG] cheese - null
[2022-10-30T15:20:09.395] [DEBUG] cheese - null
[2022-10-30T18:35:13.946] [DEBUG] cheese - login => username:admin,password:123456
[2022-10-30T18:35:13.949] [DEBUG] cheese - admin
[2022-10-30T18:35:13.978] [DEBUG] cheese - null
[2022-10-30T18:35:13.979] [DEBUG] cheese - null
[2022-10-30T20:04:41.575] [DEBUG] cheese - login => username:admin,password:123456
[2022-10-30T20:04:41.580] [DEBUG] cheese - admin
[2022-10-30T20:04:41.589] [DEBUG] cheese - null
[2022-10-30T20:04:41.591] [DEBUG] cheese - null
[2022-10-31T00:15:46.591] [DEBUG] cheese - login => username:admin,password:123456
[2022-10-31T00:15:46.594] [DEBUG] cheese - admin
[2022-10-31T00:15:46.636] [DEBUG] cheese - null
[2022-10-31T00:15:46.637] [DEBUG] cheese - null
[2022-10-31T01:09:35.979] [DEBUG] cheese - login => username:admin,password:123456
[2022-10-31T01:09:35.985] [DEBUG] cheese - admin
[2022-10-31T01:09:35.995] [DEBUG] cheese - null
[2022-10-31T01:09:35.996] [DEBUG] cheese - null
[2022-10-31T01:52:05.884] [DEBUG] cheese - login => username:admin,password:123456
[2022-10-31T01:52:05.887] [DEBUG] cheese - admin
[2022-10-31T01:52:05.902] [DEBUG] cheese - null
[2022-10-31T01:52:05.903] [DEBUG] cheese - null
[2022-10-31T02:32:22.257] [DEBUG] cheese - null
[2022-10-31T10:46:18.623] [DEBUG] cheese - login => username:admin,password:123456
[2022-10-31T10:46:18.624] [DEBUG] cheese - admin
[2022-10-31T10:46:18.652] [DEBUG] cheese - null
[2022-10-31T10:46:18.652] [DEBUG] cheese - null
[2022-10-31T14:06:23.440] [DEBUG] cheese - login => username:admin,password:123456
[2022-10-31T14:06:23.444] [DEBUG] cheese - admin
[2022-10-31T14:06:23.470] [DEBUG] cheese - null
[2022-10-31T14:06:23.471] [DEBUG] cheese - null
[2022-10-31T15:09:20.055] [DEBUG] cheese - login => username:admin,password:123456
[2022-10-31T15:09:20.062] [DEBUG] cheese - admin
[2022-10-31T15:09:20.088] [DEBUG] cheese - null
[2022-10-31T15:09:20.089] [DEBUG] cheese - null
